1 10 20
100 200 125
201 210 89
900 1000 174
1239 99410 351
31 12498 268
92930 1238 351
1 1 1
999999 999999 259
89302 19830 351
912 913 130
10283 12803 268
182 12390 268
1 999999 525
12379 12389 188
29 39100 324
1283 239919 443
73 21982 279
19823 12840 279
999999 1 525
12083 19283 279
102938 91238 341
534 1 144
182348 128398 383
999128 9983 525
385 569023 470
38129 102398 351
1239 1238 133
483034 34590 449
843576 23984 525
4592 48198 324
3405 340500 443
5678 123 238
98345 712390 509
893 384001 443
38928 58430 340
567904 684586 509
409045 489568 449
94850 358998 443
394859 3 443
968 349858 443
78059 489 351
478098 983092 525
869 498092 449
87309 48958 351
83567 2 351
59690 548 340
38485 12030 324
9584 20994 279
59486 20394 340
100 900 179
12938 9023 268
98 6556 262
12390 209902 383
380129 930912 525
485 2390 183
58021 102933 351
23842 590183 470
4502 401092 443
43095 8009 324
298 102934 351
93258 21839 351
983 201909 383
82 390124 443
12398 2 268
9380 48913 324
293 38490 324
11 298390 443
9 999999 525
50 50 25
38992 392840 443
9283 1 262
381294 39 443
7 85889 351
86867 5 351
38 120893 354
109283 291328 443
12838 291839 443
8237 29183 308
5348 60 238
4369 15 238
58602 894 340
12938 5934 268
273052 12893 443
495838 38912 449
3458 9289 262
58 100 119
435 3986 238
923 21893 279
23489 12 279
435986 213984 449
473 219895 386
8 999988 525
291803 989940 525
6905 93309 351
4 923492 525
689 34059 308
230 94960 351
20 12309 268
9582 20903 279
39485 568 324
201903 50 383
498368 409 449
109 999238 525
547 10932 262
2390 83219 351
